
> midgard-node@1.0.0 register-active-operator /home/gumbo/midgard-hub/midgard/demo/midgard-node
> pnpm run build && node dist/index.js register-active-operator


> midgard-node@1.0.0 build /home/gumbo/midgard-hub/midgard/demo/midgard-node
> tsup src/index.ts --minify --format esm && tsup src/workers/* --minify --format esm

CLI Building entry: src/index.ts
CLI Using tsconfig: tsconfig.json
CLI tsup v8.5.1
CLI Using tsup config: /home/gumbo/midgard-hub/midgard/demo/midgard-node/tsup.config.ts
CLI Target: es2020
ESM Build start
ESM dist/index.js     677.44 KB
ESM dist/index.js.map 1.33 MB
ESM ⚡️ Build success in 58ms
DTS Build start
DTS ⚡️ Build success in 2266ms
DTS dist/index.d.ts 20.00 B
CLI Building entry: src/workers/commit-block-header.ts, src/workers/confirm-block-commitments.ts, src/workers/utils/commit-block-header.ts, src/workers/utils/commit-block-planner.ts, src/workers/utils/commit-end-time.ts, src/workers/utils/commit-redeemers.ts, src/workers/utils/common.ts, src/workers/utils/confirm-block-commitments.ts, src/workers/utils/mpt.ts
CLI Using tsconfig: tsconfig.json
CLI tsup v8.5.1
CLI Using tsup config: /home/gumbo/midgard-hub/midgard/demo/midgard-node/tsup.config.ts
CLI Target: es2020
ESM Build start
ESM dist/utils/mpt.js                           481.00 B
ESM dist/commit-block-header.js                 32.69 KB
ESM dist/chunk-ECD65S43.js                      6.87 KB
ESM dist/confirm-block-commitments.js           2.79 KB
ESM dist/chunk-WHQUVZ4H.js                      3.16 KB
ESM dist/utils/commit-block-header.js           183.00 B
ESM dist/chunk-B2WWN3CH.js                      980.00 B
ESM dist/utils/commit-block-planner.js          324.00 B
ESM dist/chunk-HT2OPVUT.js                      773.00 B
ESM dist/chunk-XB22MFMI.js                      3.96 KB
ESM dist/utils/commit-end-time.js               221.00 B
ESM dist/chunk-6MYV5HKJ.js                      806.00 B
ESM dist/chunk-5CEDD63N.js                      2.93 KB
ESM dist/utils/common.js                        170.00 B
ESM dist/chunk-4C666HHU.js                      148.00 B
ESM dist/utils/confirm-block-commitments.js     53.00 B
ESM dist/utils/commit-redeemers.js              464.00 B
ESM dist/chunk-VTVG2GNR.js                      535.90 KB
ESM dist/utils/mpt.js.map                       71.00 B
ESM dist/confirm-block-commitments.js.map       9.26 KB
ESM dist/chunk-ECD65S43.js.map                  26.98 KB
ESM dist/chunk-WHQUVZ4H.js.map                  19.60 KB
ESM dist/utils/commit-block-header.js.map       71.00 B
ESM dist/chunk-HT2OPVUT.js.map                  4.32 KB
ESM dist/utils/commit-block-planner.js.map      71.00 B
ESM dist/chunk-B2WWN3CH.js.map                  4.72 KB
ESM dist/chunk-XB22MFMI.js.map                  13.43 KB
ESM dist/utils/commit-end-time.js.map           71.00 B
ESM dist/chunk-6MYV5HKJ.js.map                  4.29 KB
ESM dist/commit-block-header.js.map             125.08 KB
ESM dist/chunk-4C666HHU.js.map                  71.00 B
ESM dist/utils/commit-redeemers.js.map          71.00 B
ESM dist/utils/common.js.map                    420.00 B
ESM dist/utils/confirm-block-commitments.js.map 71.00 B
ESM dist/chunk-5CEDD63N.js.map                  12.05 KB
ESM dist/chunk-VTVG2GNR.js.map                  840.31 KB
ESM ⚡️ Build success in 56ms
DTS Build start
DTS ⚡️ Build success in 4299ms
DTS dist/commit-block-header.d.ts             13.00 B
DTS dist/utils/commit-block-planner.d.ts      1.63 KB
DTS dist/utils/commit-end-time.d.ts           703.00 B
DTS dist/utils/commit-redeemers.d.ts          2.94 KB
DTS dist/utils/common.d.ts                    557.00 B
DTS dist/utils/confirm-block-commitments.d.ts 1.05 KB
DTS dist/utils/commit-block-header.d.ts       2.12 KB
DTS dist/utils/mpt.d.ts                       9.50 KB
DTS dist/confirm-block-commitments.d.ts       13.00 B
DTS dist/tx-SST1GrUc.d.ts                     304.00 B
[06:09:17.206] INFO (#1): Initializing Lucid...
[lucid] Blockfrost getProtocolParameters failed; falling back to Koios (https://preprod.koios.rest/api/v1). cause=TypeError: Cannot convert undefined to a BigInt
    at BigInt (<anonymous>)
    at Blockfrost.getProtocolParameters (file:///home/gumbo/midgard-hub/midgard/demo/midgard-node/node_modules/.pnpm/@lucid-evolution+provider@0.1.90_@harmoniclabs+bytestring@1.0.0_@harmoniclabs+cbor@1.6.6_@har_6asgqdbn5hukxxqwgqmnig7qam/node_modules/@lucid-evolution/provider/dist/index.js:131:19)
    at process.processTicksAndRejections (node:internal/process/task_queues:103:5)
    at async r.<computed> [as getProtocolParameters] (file:///home/gumbo/midgard-hub/midgard/demo/midgard-node/dist/index.js:77:29164)
    at async Module.Lucid (file:///home/gumbo/midgard-hub/midgard/demo/midgard-node/node_modules/.pnpm/@lucid-evolution+lucid@0.4.29_@harmoniclabs+bytestring@1.0.0_@harmoniclabs+cbor@1.6.6_@harmon_nyxtefmg3gosbfu2qanzptyakm/node_modules/@lucid-evolution/lucid/dist/index.js:2228:66)
[06:09:18.561] INFO (#1): Lucid built successfully.
[06:09:18.747] INFO (#1): 🔐 Contract source selected: state_queue=real, hub_oracle=real, registered_operators=real, active_operators=real, retired_operators=real
[lucid] Blockfrost getUtxosWithUnit failed; falling back to Koios (https://preprod.koios.rest/api/v1). cause=Error: Could not fetch UTxOs from Blockfrost. Try again.
    at Blockfrost.getUtxosWithUnit (file:///home/gumbo/midgard-hub/midgard/demo/midgard-node/node_modules/.pnpm/@lucid-evolution+provider@0.1.90_@harmoniclabs+bytestring@1.0.0_@harmoniclabs+cbor@1.6.6_@har_6asgqdbn5hukxxqwgqmnig7qam/node_modules/@lucid-evolution/provider/dist/index.js:199:17)
    at process.processTicksAndRejections (node:internal/process/task_queues:103:5)
    at async r.<computed> [as getUtxosWithUnit] (file:///home/gumbo/midgard-hub/midgard/demo/midgard-node/dist/index.js:77:29164)
[lucid] Blockfrost getUtxos failed; falling back to Koios (https://preprod.koios.rest/api/v1). cause=Error: Could not fetch UTxOs from Blockfrost. Try again.
    at Blockfrost.getUtxos (file:///home/gumbo/midgard-hub/midgard/demo/midgard-node/node_modules/.pnpm/@lucid-evolution+provider@0.1.90_@harmoniclabs+bytestring@1.0.0_@harmoniclabs+cbor@1.6.6_@har_6asgqdbn5hukxxqwgqmnig7qam/node_modules/@lucid-evolution/provider/dist/index.js:169:17)
    at process.processTicksAndRejections (node:internal/process/task_queues:103:5)
    at async r.<computed> [as getUtxos] (file:///home/gumbo/midgard-hub/midgard/demo/midgard-node/dist/index.js:77:29164)
[06:09:26.208] INFO (#1): Operator set snapshot: registered(policy=4ee15d377a7c4deb3d9f1dd842f85909aaab28971737f165763f47a3,address=addr_test1wq22kc2nw5nraq52s9prxvl4dw46wqm7g3m2dfdvqr896xqrh6gjx,count=2),active(policy=308e36a17b87ea45ec28c22fe9b4cee9e65ad8025aca800f77aa67a7,address=addr_test1wrk5a8zynnvhyp9nhgeskq2tzjndkwufts4mahycmxmrdmqfpqc37,count=1),retired(policy=1058d40b8073851b0e6a7a96400a87035c1b61310dd36a727550b375,address=addr_test1wzg3xj6hkymr52edgl63srwg8jk2kmhx7yvqjuhr7myr0hq2eltyy,count=1)
[06:09:26.208] INFO (#1): Retired set keys: Empty
[06:09:26.208] WARN (#1): Operator 993d08c54b59536a92703a11d788eb25ce55ad8b49866d303d894366 is already registered but not active; refreshing the registration node before activation.
[06:09:28.403] INFO (#1): ✍  Signing tx with addr_test1qzvn6zx9fdv4x65jwqapr4ugavjuu4dd3dycvmfs8ky5xejzm7zfvw9sm2etf065jnnxf0ssz20knfppfux2qde9j9fqwqs986
[06:09:28.953] INFO (#1): ✍  Signed tx prepared: txHash=d85eb67ca8e69ffce2be0188ed10758502e0fc852d42ab8386f8cc6153ec141b, cborBytes=7260
[06:09:28.953] INFO (#1): ✉️  Submitting transaction...
[lucid] Blockfrost submitTx failed; falling back to Koios (https://preprod.koios.rest/api/v1). cause=Error: Could not submit transaction.
    at Blockfrost.submitTx (file:///home/gumbo/midgard-hub/midgard/demo/midgard-node/node_modules/.pnpm/@lucid-evolution+provider@0.1.90_@harmoniclabs+bytestring@1.0.0_@harmoniclabs+cbor@1.6.6_@har_6asgqdbn5hukxxqwgqmnig7qam/node_modules/@lucid-evolution/provider/dist/index.js:298:18)
    at process.processTicksAndRejections (node:internal/process/task_queues:103:5)
    at async r.<computed> [as submitTx] (file:///home/gumbo/midgard-hub/midgard/demo/midgard-node/dist/index.js:77:29164)
[06:09:29.649] INFO (#1): 🚀 Transaction submitted: d85eb67ca8e69ffce2be0188ed10758502e0fc852d42ab8386f8cc6153ec141b
[06:09:29.650] INFO (#1): ⏳ Confirming Transaction...
[lucid] Blockfrost awaitTx failed; falling back to Koios (https://preprod.koios.rest/api/v1). cause=Error: {"error":"Project Over Limit","message":"Usage is over limit.","status_code":402}
    at K4.e.awaitTx (file:///home/gumbo/midgard-hub/midgard/demo/midgard-node/dist/index.js:77:28592)
    at process.processTicksAndRejections (node:internal/process/task_queues:103:5)
    at async r.<computed> [as awaitTx] (file:///home/gumbo/midgard-hub/midgard/demo/midgard-node/dist/index.js:77:29164)
[06:10:35.146] INFO (#1): 🎉 Transaction confirmed: d85eb67ca8e69ffce2be0188ed10758502e0fc852d42ab8386f8cc6153ec141b
[06:10:35.146] INFO (#1): ⌛ Pausing for 5 seconds...
[06:10:40.147] INFO (#1): ✅ Pause ended.
[06:10:41.247] INFO (#1): Resolved register redeemer layout: hub_ref=1,active_ref=0,retired_ref=2,prepended_out=0,anchor_out=1
[06:10:42.335] INFO (#1): Selected register redeemer layout: hub_ref=1,active_ref=0,retired_ref=2,prepended_out=0,anchor_out=1
[06:10:42.987] INFO (#1): ✍  Signing tx with addr_test1qzvn6zx9fdv4x65jwqapr4ugavjuu4dd3dycvmfs8ky5xejzm7zfvw9sm2etf065jnnxf0ssz20knfppfux2qde9j9fqwqs986
[06:10:42.988] INFO (#1): ✍  Signed tx prepared: txHash=1c05bf918b0e041f2645b1f9d537687d832755bef08d7f4b0fff095a29027ccc, cborBytes=7577
[06:10:42.988] INFO (#1): ✉️  Submitting transaction...
[06:10:43.649] INFO (#1): 🚀 Transaction submitted: 1c05bf918b0e041f2645b1f9d537687d832755bef08d7f4b0fff095a29027ccc
[06:10:43.649] INFO (#1): ⏳ Confirming Transaction...
[06:10:52.783] INFO (#1): 🎉 Transaction confirmed: 1c05bf918b0e041f2645b1f9d537687d832755bef08d7f4b0fff095a29027ccc
[06:10:52.783] INFO (#1): ⌛ Pausing for 5 seconds...
[06:10:57.837] INFO (#1): ✅ Pause ended.
[06:11:00.028] INFO (#1): Waiting 102030ms until operator activation time (ledger_now=1772460660000,activation_time=1772460761030)
[06:12:34.229] INFO (#1): Activation draft redeemers: #0:spend:0:{
  "constructor": 0,
  "fields": []
} | #1:spend:1:{
  "constructor": 0,
  "fields": []
} | #2:spend:3:{
  "constructor": 0,
  "fields": []
} | #3:mint:0:{
  "constructor": 2,
  "fields": [
    {
      "bytes": "993d08c54b59536a92703a11d788eb25ce55ad8b49866d303d894366"
    },
    {
      "int": 0
    },
    {
      "int": 0
    },
    {
      "int": 1
    },
    {
      "int": 0
    }
  ]
} | #4:mint:1:{
  "constructor": 3,
  "fields": [
    {
      "bytes": "993d08c54b59536a92703a11d788eb25ce55ad8b49866d303d894366"
    },
    {
      "int": 0
    },
    {
      "int": 1
    },
    {
      "bytes": "4e6f6465"
    },
    {
      "int": 0
    },
    {
      "int": 1
    },
    {
      "int": 0
    },
    {
      "int": 1
    }
  ]
}
[06:12:34.230] INFO (#1): Activation draft active output datums: inserted={"key":{"Key":{"key":"993d08c54b59536a92703a11d788eb25ce55ad8b49866d303d894366"}},"next":"Empty","data":{"index":0,"fields":[{"index":1,"fields":[]}]}}, anchor={"key":"Empty","next":{"Key":{"key":"993d08c54b59536a92703a11d788eb25ce55ad8b49866d303d894366"}},"data":"00"}
[06:12:34.236] INFO (#1): Activation draft redeemers: #0:spend:0:{
  "constructor": 0,
  "fields": []
} | #1:spend:1:{
  "constructor": 0,
  "fields": []
} | #2:spend:3:{
  "constructor": 0,
  "fields": []
} | #3:mint:0:{
  "constructor": 2,
  "fields": [
    {
      "bytes": "993d08c54b59536a92703a11d788eb25ce55ad8b49866d303d894366"
    },
    {
      "int": 1
    },
    {
      "int": 0
    },
    {
      "int": 1
    },
    {
      "int": 4
    }
  ]
} | #4:mint:1:{
  "constructor": 3,
  "fields": [
    {
      "bytes": "993d08c54b59536a92703a11d788eb25ce55ad8b49866d303d894366"
    },
    {
      "int": 1
    },
    {
      "int": 3
    },
    {
      "bytes": "4e6f6465"
    },
    {
      "int": 0
    },
    {
      "int": 1
    },
    {
      "int": 0
    },
    {
      "int": 1
    }
  ]
}
[06:12:34.236] INFO (#1): Activation draft active output datums: inserted={"key":{"Key":{"key":"993d08c54b59536a92703a11d788eb25ce55ad8b49866d303d894366"}},"next":"Empty","data":{"index":0,"fields":[{"index":1,"fields":[]}]}}, anchor={"key":"Empty","next":{"Key":{"key":"993d08c54b59536a92703a11d788eb25ce55ad8b49866d303d894366"}},"data":"00"}
[06:12:34.236] INFO (#1): Activation candidate index domains: hub_refs=1/4/0 retired_refs=3/5/1 registered_redeemers=4/0/1/2/3
[06:12:34.288] INFO (#1): Activate layout candidate rejected: hub_ref=1,retired_ref=3,registered_redeemer=4,removed_in=0,anchor_in=1,active_inserted_out=0,active_anchor_out=1,active_output_order=inserted-first => (FiberFailure) TxBuilderError: { Complete: "failed script execution Mint[0] the validator crashed / exited prematurely" }
    at completeTxError (file:///home/gumbo/midgard-hub/midgard/demo/midgard-node/node_modules/.pnpm/@lucid-evolution+lucid@0.4.29_@harmoniclabs+bytestring@1.0.0_@harmoniclabs+cbor@1.6.6_@harmon_nyxtefmg3gosbfu2qanzptyakm/node_modules/@lucid-evolution/lucid/dist/index.js:1359:34)
    at catch (file:///home/gumbo/midgard-hub/midgard/demo/midgard-node/node_modules/.pnpm/@lucid-evolution+lucid@0.4.29_@harmoniclabs+bytestring@1.0.0_@harmoniclabs+cbor@1.6.6_@harmon_nyxtefmg3gosbfu2qanzptyakm/node_modules/@lucid-evolution/lucid/dist/index.js:1763:23)
    at file:///home/gumbo/midgard-hub/midgard/demo/midgard-node/node_modules/.pnpm/effect@3.19.19/node_modules/effect/dist/esm/internal/core-effect.js:50:55 {
  [cause]: Error: { Complete: "failed script execution Mint[0] the validator crashed / exited prematurely" }
}
[06:12:34.340] INFO (#1): Activate layout candidate rejected: hub_ref=1,retired_ref=3,registered_redeemer=4,removed_in=0,anchor_in=1,active_inserted_out=0,active_anchor_out=1,active_output_order=anchor-first => failed to deserialise PlutusData
[06:12:34.393] INFO (#1): Activate layout candidate rejected: hub_ref=1,retired_ref=3,registered_redeemer=4,removed_in=0,anchor_in=1,active_inserted_out=1,active_anchor_out=0,active_output_order=inserted-first => failed to deserialise PlutusData
[06:12:34.441] INFO (#1): Activate layout candidate rejected: hub_ref=1,retired_ref=3,registered_redeemer=4,removed_in=0,anchor_in=1,active_inserted_out=1,active_anchor_out=0,active_output_order=anchor-first => (FiberFailure) TxBuilderError: { Complete: "failed script execution Mint[0] the validator crashed / exited prematurely" }
    at completeTxError (file:///home/gumbo/midgard-hub/midgard/demo/midgard-node/node_modules/.pnpm/@lucid-evolution+lucid@0.4.29_@harmoniclabs+bytestring@1.0.0_@harmoniclabs+cbor@1.6.6_@harmon_nyxtefmg3gosbfu2qanzptyakm/node_modules/@lucid-evolution/lucid/dist/index.js:1359:34)
    at catch (file:///home/gumbo/midgard-hub/midgard/demo/midgard-node/node_modules/.pnpm/@lucid-evolution+lucid@0.4.29_@harmoniclabs+bytestring@1.0.0_@harmoniclabs+cbor@1.6.6_@harmon_nyxtefmg3gosbfu2qanzptyakm/node_modules/@lucid-evolution/lucid/dist/index.js:1763:23)
    at file:///home/gumbo/midgard-hub/midgard/demo/midgard-node/node_modules/.pnpm/effect@3.19.19/node_modules/effect/dist/esm/internal/core-effect.js:50:55 {
  [cause]: Error: { Complete: "failed script execution Mint[0] the validator crashed / exited prematurely" }
}
[06:12:34.493] INFO (#1): Activate layout candidate rejected: hub_ref=1,retired_ref=3,registered_redeemer=4,removed_in=1,anchor_in=0,active_inserted_out=0,active_anchor_out=1,active_output_order=inserted-first => (FiberFailure) TxBuilderError: { Complete: "failed script execution Mint[0] the validator crashed / exited prematurely" }
    at completeTxError (file:///home/gumbo/midgard-hub/midgard/demo/midgard-node/node_modules/.pnpm/@lucid-evolution+lucid@0.4.29_@harmoniclabs+bytestring@1.0.0_@harmoniclabs+cbor@1.6.6_@harmon_nyxtefmg3gosbfu2qanzptyakm/node_modules/@lucid-evolution/lucid/dist/index.js:1359:34)
    at catch (file:///home/gumbo/midgard-hub/midgard/demo/midgard-node/node_modules/.pnpm/@lucid-evolution+lucid@0.4.29_@harmoniclabs+bytestring@1.0.0_@harmoniclabs+cbor@1.6.6_@harmon_nyxtefmg3gosbfu2qanzptyakm/node_modules/@lucid-evolution/lucid/dist/index.js:1763:23)
    at file:///home/gumbo/midgard-hub/midgard/demo/midgard-node/node_modules/.pnpm/effect@3.19.19/node_modules/effect/dist/esm/internal/core-effect.js:50:55 {
  [cause]: Error: { Complete: "failed script execution Mint[0] the validator crashed / exited prematurely" }
}
[06:12:34.540] INFO (#1): Activate layout candidate rejected: hub_ref=1,retired_ref=3,registered_redeemer=4,removed_in=1,anchor_in=0,active_inserted_out=0,active_anchor_out=1,active_output_order=anchor-first => failed to deserialise PlutusData
[06:12:34.591] INFO (#1): Activate layout candidate rejected: hub_ref=1,retired_ref=3,registered_redeemer=4,removed_in=1,anchor_in=0,active_inserted_out=1,active_anchor_out=0,active_output_order=inserted-first => failed to deserialise PlutusData
[06:12:34.640] INFO (#1): Activate layout candidate rejected: hub_ref=1,retired_ref=3,registered_redeemer=4,removed_in=1,anchor_in=0,active_inserted_out=1,active_anchor_out=0,active_output_order=anchor-first => (FiberFailure) TxBuilderError: { Complete: "failed script execution Mint[0] the validator crashed / exited prematurely" }
    at completeTxError (file:///home/gumbo/midgard-hub/midgard/demo/midgard-node/node_modules/.pnpm/@lucid-evolution+lucid@0.4.29_@harmoniclabs+bytestring@1.0.0_@harmoniclabs+cbor@1.6.6_@harmon_nyxtefmg3gosbfu2qanzptyakm/node_modules/@lucid-evolution/lucid/dist/index.js:1359:34)
    at catch (file:///home/gumbo/midgard-hub/midgard/demo/midgard-node/node_modules/.pnpm/@lucid-evolution+lucid@0.4.29_@harmoniclabs+bytestring@1.0.0_@harmoniclabs+cbor@1.6.6_@harmon_nyxtefmg3gosbfu2qanzptyakm/node_modules/@lucid-evolution/lucid/dist/index.js:1763:23)
    at file:///home/gumbo/midgard-hub/midgard/demo/midgard-node/node_modules/.pnpm/effect@3.19.19/node_modules/effect/dist/esm/internal/core-effect.js:50:55 {
  [cause]: Error: { Complete: "failed script execution Mint[0] the validator crashed / exited prematurely" }
}
[06:12:34.694] INFO (#1): Activate layout candidate rejected: hub_ref=1,retired_ref=3,registered_redeemer=0,removed_in=0,anchor_in=1,active_inserted_out=0,active_anchor_out=1,active_output_order=inserted-first => (FiberFailure) TxBuilderError: { Complete: "failed script execution Mint[0] the validator crashed / exited prematurely" }
    at completeTxError (file:///home/gumbo/midgard-hub/midgard/demo/midgard-node/node_modules/.pnpm/@lucid-evolution+lucid@0.4.29_@harmoniclabs+bytestring@1.0.0_@harmoniclabs+cbor@1.6.6_@harmon_nyxtefmg3gosbfu2qanzptyakm/node_modules/@lucid-evolution/lucid/dist/index.js:1359:34)
    at catch (file:///home/gumbo/midgard-hub/midgard/demo/midgard-node/node_modules/.pnpm/@lucid-evolution+lucid@0.4.29_@harmoniclabs+bytestring@1.0.0_@harmoniclabs+cbor@1.6.6_@harmon_nyxtefmg3gosbfu2qanzptyakm/node_modules/@lucid-evolution/lucid/dist/index.js:1763:23)
    at file:///home/gumbo/midgard-hub/midgard/demo/midgard-node/node_modules/.pnpm/effect@3.19.19/node_modules/effect/dist/esm/internal/core-effect.js:50:55 {
  [cause]: Error: { Complete: "failed script execution Mint[0] the validator crashed / exited prematurely" }
}
[06:12:34.756] INFO (#1): Activate layout candidate rejected: hub_ref=1,retired_ref=3,registered_redeemer=0,removed_in=0,anchor_in=1,active_inserted_out=0,active_anchor_out=1,active_output_order=anchor-first => failed to deserialise PlutusData
[06:12:34.816] INFO (#1): Activate layout candidate rejected: hub_ref=1,retired_ref=3,registered_redeemer=0,removed_in=0,anchor_in=1,active_inserted_out=1,active_anchor_out=0,active_output_order=inserted-first => failed to deserialise PlutusData
[06:12:34.880] INFO (#1): Activate layout candidate rejected: hub_ref=1,retired_ref=3,registered_redeemer=0,removed_in=0,anchor_in=1,active_inserted_out=1,active_anchor_out=0,active_output_order=anchor-first => (FiberFailure) TxBuilderError: { Complete: "failed script execution Mint[0] the validator crashed / exited prematurely" }
    at completeTxError (file:///home/gumbo/midgard-hub/midgard/demo/midgard-node/node_modules/.pnpm/@lucid-evolution+lucid@0.4.29_@harmoniclabs+bytestring@1.0.0_@harmoniclabs+cbor@1.6.6_@harmon_nyxtefmg3gosbfu2qanzptyakm/node_modules/@lucid-evolution/lucid/dist/index.js:1359:34)
    at catch (file:///home/gumbo/midgard-hub/midgard/demo/midgard-node/node_modules/.pnpm/@lucid-evolution+lucid@0.4.29_@harmoniclabs+bytestring@1.0.0_@harmoniclabs+cbor@1.6.6_@harmon_nyxtefmg3gosbfu2qanzptyakm/node_modules/@lucid-evolution/lucid/dist/index.js:1763:23)
    at file:///home/gumbo/midgard-hub/midgard/demo/midgard-node/node_modules/.pnpm/effect@3.19.19/node_modules/effect/dist/esm/internal/core-effect.js:50:55 {
  [cause]: Error: { Complete: "failed script execution Mint[0] the validator crashed / exited prematurely" }
}
[06:12:34.940] INFO (#1): Activate layout candidate rejected: hub_ref=1,retired_ref=3,registered_redeemer=0,removed_in=1,anchor_in=0,active_inserted_out=0,active_anchor_out=1,active_output_order=inserted-first => (FiberFailure) TxBuilderError: { Complete: "failed script execution Mint[0] the validator crashed / exited prematurely" }
    at completeTxError (file:///home/gumbo/midgard-hub/midgard/demo/midgard-node/node_modules/.pnpm/@lucid-evolution+lucid@0.4.29_@harmoniclabs+bytestring@1.0.0_@harmoniclabs+cbor@1.6.6_@harmon_nyxtefmg3gosbfu2qanzptyakm/node_modules/@lucid-evolution/lucid/dist/index.js:1359:34)
    at catch (file:///home/gumbo/midgard-hub/midgard/demo/midgard-node/node_modules/.pnpm/@lucid-evolution+lucid@0.4.29_@harmoniclabs+bytestring@1.0.0_@harmoniclabs+cbor@1.6.6_@harmon_nyxtefmg3gosbfu2qanzptyakm/node_modules/@lucid-evolution/lucid/dist/index.js:1763:23)
    at file:///home/gumbo/midgard-hub/midgard/demo/midgard-node/node_modules/.pnpm/effect@3.19.19/node_modules/effect/dist/esm/internal/core-effect.js:50:55 {
  [cause]: Error: { Complete: "failed script execution Mint[0] the validator crashed / exited prematurely" }
}
[06:12:35.000] INFO (#1): Activate layout candidate rejected: hub_ref=1,retired_ref=3,registered_redeemer=0,removed_in=1,anchor_in=0,active_inserted_out=0,active_anchor_out=1,active_output_order=anchor-first => failed to deserialise PlutusData
[06:12:35.062] INFO (#1): Activate layout candidate rejected: hub_ref=1,retired_ref=3,registered_redeemer=0,removed_in=1,anchor_in=0,active_inserted_out=1,active_anchor_out=0,active_output_order=inserted-first => failed to deserialise PlutusData
[06:12:35.122] INFO (#1): Activate layout candidate rejected: hub_ref=1,retired_ref=3,registered_redeemer=0,removed_in=1,anchor_in=0,active_inserted_out=1,active_anchor_out=0,active_output_order=anchor-first => (FiberFailure) TxBuilderError: { Complete: "failed script execution Mint[0] the validator crashed / exited prematurely" }
    at completeTxError (file:///home/gumbo/midgard-hub/midgard/demo/midgard-node/node_modules/.pnpm/@lucid-evolution+lucid@0.4.29_@harmoniclabs+bytestring@1.0.0_@harmoniclabs+cbor@1.6.6_@harmon_nyxtefmg3gosbfu2qanzptyakm/node_modules/@lucid-evolution/lucid/dist/index.js:1359:34)
    at catch (file:///home/gumbo/midgard-hub/midgard/demo/midgard-node/node_modules/.pnpm/@lucid-evolution+lucid@0.4.29_@harmoniclabs+bytestring@1.0.0_@harmoniclabs+cbor@1.6.6_@harmon_nyxtefmg3gosbfu2qanzptyakm/node_modules/@lucid-evolution/lucid/dist/index.js:1763:23)
    at file:///home/gumbo/midgard-hub/midgard/demo/midgard-node/node_modules/.pnpm/effect@3.19.19/node_modules/effect/dist/esm/internal/core-effect.js:50:55 {
  [cause]: Error: { Complete: "failed script execution Mint[0] the validator crashed / exited prematurely" }
}
[06:12:35.182] INFO (#1): Activate layout candidate rejected: hub_ref=1,retired_ref=3,registered_redeemer=1,removed_in=0,anchor_in=1,active_inserted_out=0,active_anchor_out=1,active_output_order=inserted-first => (FiberFailure) TxBuilderError: { Complete: "failed script execution Mint[0] the validator crashed / exited prematurely" }
    at completeTxError (file:///home/gumbo/midgard-hub/midgard/demo/midgard-node/node_modules/.pnpm/@lucid-evolution+lucid@0.4.29_@harmoniclabs+bytestring@1.0.0_@harmoniclabs+cbor@1.6.6_@harmon_nyxtefmg3gosbfu2qanzptyakm/node_modules/@lucid-evolution/lucid/dist/index.js:1359:34)
    at catch (file:///home/gumbo/midgard-hub/midgard/demo/midgard-node/node_modules/.pnpm/@lucid-evolution+lucid@0.4.29_@harmoniclabs+bytestring@1.0.0_@harmoniclabs+cbor@1.6.6_@harmon_nyxtefmg3gosbfu2qanzptyakm/node_modules/@lucid-evolution/lucid/dist/index.js:1763:23)
    at file:///home/gumbo/midgard-hub/midgard/demo/midgard-node/node_modules/.pnpm/effect@3.19.19/node_modules/effect/dist/esm/internal/core-effect.js:50:55 {
  [cause]: Error: { Complete: "failed script execution Mint[0] the validator crashed / exited prematurely" }
}
[06:12:35.243] INFO (#1): Activate layout candidate rejected: hub_ref=1,retired_ref=3,registered_redeemer=1,removed_in=0,anchor_in=1,active_inserted_out=0,active_anchor_out=1,active_output_order=anchor-first => failed to deserialise PlutusData
[06:12:35.306] INFO (#1): Activate layout candidate rejected: hub_ref=1,retired_ref=3,registered_redeemer=1,removed_in=0,anchor_in=1,active_inserted_out=1,active_anchor_out=0,active_output_order=inserted-first => failed to deserialise PlutusData
[06:12:35.366] INFO (#1): Activate layout candidate rejected: hub_ref=1,retired_ref=3,registered_redeemer=1,removed_in=0,anchor_in=1,active_inserted_out=1,active_anchor_out=0,active_output_order=anchor-first => (FiberFailure) TxBuilderError: { Complete: "failed script execution Mint[0] the validator crashed / exited prematurely" }
    at completeTxError (file:///home/gumbo/midgard-hub/midgard/demo/midgard-node/node_modules/.pnpm/@lucid-evolution+lucid@0.4.29_@harmoniclabs+bytestring@1.0.0_@harmoniclabs+cbor@1.6.6_@harmon_nyxtefmg3gosbfu2qanzptyakm/node_modules/@lucid-evolution/lucid/dist/index.js:1359:34)
    at catch (file:///home/gumbo/midgard-hub/midgard/demo/midgard-node/node_modules/.pnpm/@lucid-evolution+lucid@0.4.29_@harmoniclabs+bytestring@1.0.0_@harmoniclabs+cbor@1.6.6_@harmon_nyxtefmg3gosbfu2qanzptyakm/node_modules/@lucid-evolution/lucid/dist/index.js:1763:23)
    at file:///home/gumbo/midgard-hub/midgard/demo/midgard-node/node_modules/.pnpm/effect@3.19.19/node_modules/effect/dist/esm/internal/core-effect.js:50:55 {
  [cause]: Error: { Complete: "failed script execution Mint[0] the validator crashed / exited prematurely" }
}
 ELIFECYCLE  Command failed.
